#
# There is insufficient memory for the Java Runtime Environment to continue.
# Native memory allocation (mmap) failed to map 260046848 bytes for G1 virtual space
# Possible reasons:
#   The system is out of physical RAM or swap space
#   The process is running with CompressedOops enabled, and the Java Heap may be blocking the growth of the native heap
# Possible solutions:
#   Reduce memory load on the system
#   Increase physical memory or swap space
#   Check if swap backing store is full
#   Decrease Java heap size (-Xmx/-Xms)
#   Decrease number of Java threads
#   Decrease Java thread stack sizes (-Xss)
#   Set larger code cache with -XX:ReservedCodeCacheSize=
#   JVM is running with Zero Based Compressed Oops mode in which the Java heap is
#     placed in the first 32GB address space. The Java Heap base address is the
#     maximum limit for the native heap growth. Please use -XX:HeapBaseMinAddress
#     to set the Java Heap base and to place the Java Heap above 32GB virtual address.
# This output file may be truncated or incomplete.
#
#  Out of Memory Error (os_windows.cpp:3532), pid=10160, tid=41708
#
# JRE version:  (17.0.2+8) (build )
# Java VM: Java HotSpot(TM) 64-Bit Server VM (17.0.2+8-LTS-86, mixed mode, sharing, tiered, compressed oops, compressed class ptrs, g1 gc, windows-amd64)
# No core dump will be written. Minidumps are not enabled by default on client versions of Windows
#

---------------  S U M M A R Y ------------

Command Line: -Dfile.encoding=UTF-8 -XX:+ShowCodeDetailsInExceptionMessages View.QuanLyThucDon

Host: AMD Ryzen 5 4600H with Radeon Graphics         , 12 cores, 15G,  Windows 11 , 64 bit Build 22000 (10.0.22000.613)
Time: Mon May  9 18:37:47 2022 SE Asia Standard Time elapsed time: 0.008191 seconds (0d 0h 0m 0s)

---------------  T H R E A D  ---------------

Current thread (0x000002213b1e2330):  JavaThread "Unknown thread" [_thread_in_vm, id=41708, stack(0x00000071dc000000,0x00000071dc100000)]

Stack: [0x00000071dc000000,0x00000071dc100000]
Native frames: (J=compiled Java code, j=interpreted, Vv=VM code, C=native code)
V  [jvm.dll+0x670baa]
V  [jvm.dll+0x7cfcb4]
V  [jvm.dll+0x7d145e]
V  [jvm.dll+0x7d1ac3]
V  [jvm.dll+0x242bc5]
V  [jvm.dll+0x66dac9]
V  [jvm.dll+0x662412]
V  [jvm.dll+0x300c0b]
V  [jvm.dll+0x3081a6]
V  [jvm.dll+0x357d0e]
V  [jvm.dll+0x357f3f]
V  [jvm.dll+0x2d7ec8]
V  [jvm.dll+0x2d8e34]
V  [jvm.dll+0x7a18c1]
V  [jvm.dll+0x365a91]
V  [jvm.dll+0x780d2c]
V  [jvm.dll+0x3e845f]
V  [jvm.dll+0x3e9f01]
C  [jli.dll+0x527b]
C  [ucrtbase.dll+0x26c0c]
C  [KERNEL32.DLL+0x154e0]
C  [ntdll.dll+0x485b]


---------------  P R O C E S S  ---------------

Threads class SMR info:
_java_thread_list=0x00007ffda4499858, length=0, elements={
}

Java Threads: ( => current thread )

Other Threads:
  0x000002213b230ee0 GCTaskThread "GC Thread#0" [stack: 0x00000071dc100000,0x00000071dc200000] [id=37660]
  0x000002213b242490 ConcurrentGCThread "G1 Main Marker" [stack: 0x00000071dc200000,0x00000071dc300000] [id=25372]
  0x000002213b242ea0 ConcurrentGCThread "G1 Conc#0" [stack: 0x00000071dc300000,0x00000071dc400000] [id=40308]

[error occurred during error reporting (printing all threads), id 0xc0000005, EXCEPTION_ACCESS_VIOLATION (0xc0000005) at pc=0x00007ffda3ce88a7]

VM state: not at safepoint (not fully initialized)

VM Mutex/Monitor currently owned by a thread:  ([mutex/lock_event])
[0x000002213b1ddf10] Heap_lock - owner thread: 0x000002213b1e2330

Heap address: 0x0000000709400000, size: 3948 MB, Compressed Oops mode: Zero based, Oop shift amount: 3

CDS archive(s) mapped at: [0x0000000000000000-0x0000000000000000-0x0000000000000000), size 0, SharedBaseAddress: 0x0000000800000000, ArchiveRelocationMode: 0.
Narrow klass base: 0x0000000000000000, Narrow klass shift: 0, Narrow klass range: 0x0

GC Precious Log:
<Empty>

Heap:
 garbage-first heap   total 0K, used 0K [0x0000000709400000, 0x0000000800000000)
  region size 2048K, 0 young (0K), 0 survivors (0K)

[error occurred during error reporting (printing heap information), id 0xc0000005, EXCEPTION_ACCESS_VIOLATION (0xc0000005) at pc=0x00007ffda40c9f19]

GC Heap History (0 events):
No events

Deoptimization events (0 events):
No events

Classes unloaded (0 events):
No events

Classes redefined (0 events):
No events

Internal exceptions (0 events):
No events

VM Operations (0 events):
No events

Events (1 events):
Event: 0.006 Loaded shared library C:\Program Files\Java\jdk-17.0.2\bin\java.dll


Dynamic libraries:
0x00007ff686250000 - 0x00007ff686260000 	C:\Program Files\Java\jdk-17.0.2\bin\javaw.exe
0x00007ffe3f480000 - 0x00007ffe3f689000 	C:\WINDOWS\SYSTEM32\ntdll.dll
0x00007ffe3d640000 - 0x00007ffe3d6fd000 	C:\WINDOWS\System32\KERNEL32.DLL
0x00007ffe3ca30000 - 0x00007ffe3cda4000 	C:\WINDOWS\System32\KERNELBASE.dll
0x00007ffe3cec0000 - 0x00007ffe3cfd1000 	C:\WINDOWS\System32\ucrtbase.dll
0x00007ffe39350000 - 0x00007ffe3936a000 	C:\Program Files\Java\jdk-17.0.2\bin\VCRUNTIME140.dll
0x00007ffe38320000 - 0x00007ffe38338000 	C:\Program Files\Java\jdk-17.0.2\bin\jli.dll
0x00007ffe3db40000 - 0x00007ffe3dbee000 	C:\WINDOWS\System32\ADVAPI32.dll
0x00007ffe3ee60000 - 0x00007ffe3ef03000 	C:\WINDOWS\System32\msvcrt.dll
0x00007ffe3d700000 - 0x00007ffe3d79e000 	C:\WINDOWS\System32\sechost.dll
0x00007ffe3e2c0000 - 0x00007ffe3e3e0000 	C:\WINDOWS\System32\RPCRT4.dll
0x00007ffe3d3a0000 - 0x00007ffe3d54c000 	C:\WINDOWS\System32\USER32.dll
0x00007ffe2cf90000 - 0x00007ffe2d235000 	C:\WINDOWS\WinSxS\amd64_microsoft.windows.common-controls_6595b64144ccf1df_6.0.22000.120_none_9d947278b86cc467\COMCTL32.dll
0x00007ffe3cfe0000 - 0x00007ffe3d006000 	C:\WINDOWS\System32\win32u.dll
0x00007ffe3e420000 - 0x00007ffe3e449000 	C:\WINDOWS\System32\GDI32.dll
0x00007ffe3d200000 - 0x00007ffe3d312000 	C:\WINDOWS\System32\gdi32full.dll
0x00007ffe3cdb0000 - 0x00007ffe3ce4d000 	C:\WINDOWS\System32\msvcp_win.dll
0x00007ffe32b90000 - 0x00007ffe32b9a000 	C:\WINDOWS\SYSTEM32\VERSION.dll
0x00007ffe3e3e0000 - 0x00007ffe3e411000 	C:\WINDOWS\System32\IMM32.DLL
0x00007ffe39f70000 - 0x00007ffe39f7c000 	C:\Program Files\Java\jdk-17.0.2\bin\vcruntime140_1.dll
0x00007ffe2a6a0000 - 0x00007ffe2a72d000 	C:\Program Files\Java\jdk-17.0.2\bin\msvcp140.dll
0x00007ffda3a00000 - 0x00007ffda45c1000 	C:\Program Files\Java\jdk-17.0.2\bin\server\jvm.dll
0x00007ffe3d630000 - 0x00007ffe3d638000 	C:\WINDOWS\System32\PSAPI.DLL
0x00007ffe35c70000 - 0x00007ffe35ca3000 	C:\WINDOWS\SYSTEM32\WINMM.dll
0x00007ffe28440000 - 0x00007ffe28449000 	C:\WINDOWS\SYSTEM32\WSOCK32.dll
0x00007ffe3d5c0000 - 0x00007ffe3d62f000 	C:\WINDOWS\System32\WS2_32.dll
0x00007ffe3bae0000 - 0x00007ffe3baf8000 	C:\WINDOWS\SYSTEM32\kernel.appcore.dll
0x00007ffe39d80000 - 0x00007ffe39d8a000 	C:\Program Files\Java\jdk-17.0.2\bin\jimage.dll
0x00007ffe2e750000 - 0x00007ffe2e971000 	C:\WINDOWS\SYSTEM32\DBGHELP.DLL
0x00007ffe26650000 - 0x00007ffe26681000 	C:\WINDOWS\SYSTEM32\dbgcore.DLL
0x00007ffe3d010000 - 0x00007ffe3d08f000 	C:\WINDOWS\System32\bcryptPrimitives.dll
0x00007ffe2c880000 - 0x00007ffe2c8a5000 	C:\Program Files\Java\jdk-17.0.2\bin\java.dll

dbghelp: loaded successfully - version: 4.0.5 - missing functions: none
symbol engine: initialized successfully - sym options: 0x614 - pdb path: .;C:\Program Files\Java\jdk-17.0.2\bin;C:\WINDOWS\SYSTEM32;C:\WINDOWS\WinSxS\amd64_microsoft.windows.common-controls_6595b64144ccf1df_6.0.22000.120_none_9d947278b86cc467;C:\Program Files\Java\jdk-17.0.2\bin\server

VM Arguments:
jvm_args: -Dfile.encoding=UTF-8 -XX:+ShowCodeDetailsInExceptionMessages 
java_command: View.QuanLyThucDon
java_class_path (initial): C:\Users\12a9n\eclipse-workspace\QuanLyQuanAn\bin;C:\Users\12a9n\eclipse-workspace\QuanLyQuanAn\jgoodies-forms-1.8.0.jar;C:\Users\12a9n\eclipse-workspace\QuanLyQuanAn\miglayout15-swing.jar;C:\Users\12a9n\Downloads\sqljdbc42 (1).jar
Launcher Type: SUN_STANDARD

[Global flags]
     intx CICompilerCount                          = 4                                         {product} {ergonomic}
     uint ConcGCThreads                            = 3                                         {product} {ergonomic}
     uint G1ConcRefinementThreads                  = 10                                        {product} {ergonomic}
   size_t G1HeapRegionSize                         = 2097152                                   {product} {ergonomic}
    uintx GCDrainStackTargetSize                   = 64                                        {product} {ergonomic}
   size_t InitialHeapSize                          = 260046848                                 {product} {ergonomic}
   size_t MarkStackSize                            = 4194304                                   {product} {ergonomic}
   size_t MaxHeapSize                              = 4139778048                                {product} {ergonomic}
   size_t MinHeapDeltaBytes                        = 2097152                                   {product} {ergonomic}
   size_t MinHeapSize                              = 8388608                                   {product} {ergonomic}
    uintx NonNMethodCodeHeapSize                   = 5839372                                {pd product} {ergonomic}
    uintx NonProfiledCodeHeapSize                  = 122909434                              {pd product} {ergonomic}
    uintx ProfiledCodeHeapSize                     = 122909434                              {pd product} {ergonomic}
    uintx ReservedCodeCacheSize                    = 251658240                              {pd product} {ergonomic}
     bool SegmentedCodeCache                       = true                                      {product} {ergonomic}
     bool ShowCodeDetailsInExceptionMessages       = true                                   {manageable} {command line}
   size_t SoftMaxHeapSize                          = 4139778048                             {manageable} {ergonomic}
     bool UseCompressedClassPointers               = true                           {product lp64_product} {ergonomic}
     bool UseCompressedOops                        = true                           {product lp64_product} {ergonomic}
     bool UseG1GC                                  = true                                      {product} {ergonomic}
     bool UseLargePagesIndividualAllocation        = false                                  {pd product} {ergonomic}

Logging:
Log output configuration:
 #0: stdout all=warning uptime,level,tags
 #1: stderr all=off uptime,level,tags

Environment Variables:
JAVA_HOME=C:\Program Files\OpenJDK\openjdk-11.0.14.1_1
PATH=C:\Program Files\Common Files\Oracle\Java\javapath;C:\Program Files (x86)\Common Files\Oracle\Java\javapath;C:\Program Files (x86)\VMware\VMware Workstation\bin\;C:\Windows\system32;C:\Windows;C:\Windows\System32\Wbem;C:\Windows\System32\WindowsPowerShell\v1.0\;C:\Windows\System32\OpenSSH\;C:\Program Files (x86)\NVIDIA Corporation\PhysX\Common;C:\Program Files\NVIDIA Corporation\NVIDIA NvDLISR;C:\WINDOWS\system32;C:\WINDOWS;C:\WINDOWS\System32\Wbem;C:\WINDOWS\System32\WindowsPowerShell\v1.0\;C:\WINDOWS\System32\OpenSSH\;C:\Program Files\dotnet\;C:\Program Files\Microsoft SQL Server\Client SDK\ODBC\170\Tools\Binn\;C:\Program Files (x86)\Microsoft SQL Server\150\Tools\Binn\;C:\Program Files\Microsoft SQL Server\150\Tools\Binn\;C:\Program Files\Microsoft SQL Server\150\DTS\Binn\;C:\Program Files (x86)\Microsoft SQL Server\150\DTS\Binn\;C:\Program Files\Azure Data Studio\bin;C:\Program Files\Microsoft SQL Server\130\Tools\Binn\;C:\Program Files (x86)\dotnet\;C:\Program Files\Git\cmd;C:\Program Files\nodejs\;C:\ProgramData\chocolatey\bin;C:\Program Files\OpenJDK\openjdk-11.0.14.1_1\bin;C:\Users\12a9n\AppData\Local\Microsoft\WindowsApps;C:\Users\12a9n\.dotnet\tools;C:\Program Files\Azure Data Studio\bin;C:\Users\12a9n\AppData\Local\Programs\Microsoft VS Code\bin;C:\Users\12a9n\AppData\Roaming\npm;C:\Users\12a9n\AppData\Local\Android\Sdk\platform-tools;
USERNAME=12a9n
OS=Windows_NT
PROCESSOR_IDENTIFIER=AMD64 Family 23 Model 96 Stepping 1, AuthenticAMD



---------------  S Y S T E M  ---------------

OS:
 Windows 11 , 64 bit Build 22000 (10.0.22000.613)
OS uptime: 4 days 23:43 hours

CPU: total 12 (initial active 12) (12 cores per cpu, 2 threads per core) family 23 model 96 stepping 1 microcode 0x0, cx8, cmov, fxsr, ht, mmx, 3dnowpref, sse, sse2, sse3, ssse3, sse4a, sse4.1, sse4.2, popcnt, lzcnt, tsc, tscinvbit, avx, avx2, aes, clmul, bmi1, bmi2, adx, sha, fma, vzeroupper, clflush, clflushopt

Memory: 4k page, system-wide physical 15791M (2312M free)
TotalPageFile size 64943M (AvailPageFile size 236M)
current process WorkingSet (physical memory assigned to process): 10M, peak: 10M
current process commit charge ("private bytes"): 64M, peak: 312M

vm_info: Java HotSpot(TM) 64-Bit Server VM (17.0.2+8-LTS-86) for windows-amd64 JRE (17.0.2+8-LTS-86), built on Dec  7 2021 21:51:03 by "mach5one" with MS VC++ 16.8 / 16.9 (VS2019)

END.
